<?xml version="1.0" encoding="utf-8"?><testsuites name="pytest tests"><testsuite name="pytest" errors="0" failures="0" skipped="0" tests="180" time="3.927" timestamp="2026-07-16T02:48:11.473127+09:00" hostname="DESKTOP-TT42EIT"><testcase classname="tests.test_text_transform_compensation.CompensatedTextTransformMatrixTest" name="test_compensation_maps_as_box_then_rotation_across_extremes" time="0.022" /><testcase classname="tests.test_text_transform_compensation.CompensatedTextTransformMatrixTest" name="test_default_rotation_pivot_is_box_pivot" time="0.001" /><testcase classname="tests.test_text_transform_compensation.CompensatedTextTransformMatrixTest" name="test_neutral_and_full_turn_fast_paths_are_exact" time="0.001" /><testcase classname="tests.test_text_transform_compensation.CompensatedTextTransformMatrixTest" name="test_rejects_nonfinite_angle_and_pivots" time="0.002" /><testcase classname="tests.test_text_transform_itemchange_safety.TextTransformItemChangeSafetyTests" name="test_invalid_qt_properties_are_rejected_without_process_termination" time="2.668" /><testcase classname="tests.test_text_transform_rotation_properties.TextTransformRotationPropertyTests" name="test_direct_set_rotation_composes_box_before_rotation" time="0.004" /><testcase classname="tests.test_text_transform_rotation_properties.TextTransformRotationPropertyTests" name="test_property_animation_midpoint_has_box_then_rotation_geometry" time="0.002" /><testcase classname="tests.test_text_transform_rotation_properties.TextTransformRotationPropertyTests" name="test_qmeta_property_write_recomposes_compensated_base" time="0.002" /><testcase classname="tests.test_text_transform_rotation_properties.TextTransformRotationPropertyTests" name="test_qobject_set_property_recomposes_compensated_base" time="0.002" /><testcase classname="tests.test_text_transform_rotation_properties.TextTransformRotationPropertyTests" name="test_rotation_changed_observer_sees_only_final_scene_transform" time="0.002" /><testcase classname="tests.test_text_transform_rotation_properties.TextTransformRotationPropertyTests" name="test_rotation_compensation_keeps_transformations_list_empty" time="0.002" /><testcase classname="tests.test_text_transform_rotation_properties.TextTransformRotationPropertyTests" name="test_transform_origin_property_change_recomposes_before_return" time="0.002" /><testcase classname="tests.test_text_transform_translation_pipeline.TextTransformTranslationPipelineTests" name="test_detect_created_block_uses_normal_global_quartet" time="0.001" /><testcase classname="tests.test_text_transform_translation_pipeline.TextTransformTranslationPipelineTests" name="test_effect_override_does_not_share_mutable_values" time="0.001" /><testcase classname="tests.test_text_transform_translation_pipeline.TextTransformTranslationPipelineTests" name="test_effect_override_off_preserves_detected_block_effect_fields" time="0.001" /><testcase classname="tests.test_text_transform_translation_pipeline.TextTransformTranslationPipelineTests" name="test_effect_override_on_copies_all_global_effect_fields" time="0.001" /><testcase classname="tests.test_text_transform_translation_pipeline.TextTransformTranslationPipelineTests" name="test_global_helper_copies_normalized_quartet_including_neutral_horizontal" time="0.001" /><testcase classname="tests.test_text_transform_translation_pipeline.TextTransformTranslationPipelineTests" name="test_inpaint_only_skips_postprocess_and_keeps_full_style" time="0.001" /><testcase classname="tests.test_text_transform_translation_pipeline.TextTransformTranslationPipelineTests" name="test_normal_run_applies_global_quartet_to_every_result_block" time="0.001" /><testcase classname="tests.test_text_transform_translation_pipeline.TextTransformTranslationPipelineTests" name="test_preserve_fallback_cases_use_normal_semantics_and_warn_once" time="0.002" /><testcase classname="tests.test_text_transform_translation_pipeline.TextTransformTranslationPipelineTests" name="test_preserve_run_restores_full_backup_and_skips_global_quartet" time="0.001" /><testcase classname="tests.test_textitem_set_size_transaction.TextItemSetSizeTransactionTests" name="test_forced_layout_enlargement_uses_final_document_size" time="0.002" /><testcase classname="tests.test_textitem_set_size_transaction.TextItemSetSizeTransactionTests" name="test_geometry_change_precedes_relayout_and_scene_index_stays_current" time="0.002" /><testcase classname="tests.test_textitem_set_size_transaction.TextItemSetSizeTransactionTests" name="test_nested_resize_during_notification_is_deferred_and_ordered" time="0.002" /><testcase classname="tests.test_textitem_set_size_transaction.TextItemSetSizeTransactionTests" name="test_no_enlargement_notifies_only_after_display_and_layout_agree" time="0.002" /><testcase classname="tests.test_textitem_set_size_transaction.TextItemSetSizeTransactionTests" name="test_relayout_exception_drains_nested_resize_before_reraising" time="0.002" /><testcase classname="tests.test_textitem_set_size_transaction.TextItemSetSizeTransactionTests" name="test_relayout_exception_reconciles_geometry_and_notifies_once" time="0.002" /><testcase classname="tests.test_textitem_set_size_transaction.TextItemSetSizeTransactionTests" name="test_semantic_anchor_survives_full_affine_size_transaction" time="0.010" /><testcase classname="tests.test_textitem_set_size_transaction.TextItemSetSizeTransactionTests" name="test_squeeze_under_ctrl_does_not_duplicate_size_notification" time="0.002" /></testsuite></testsuites>