<?xml version="1.0" encoding="utf-8"?><testsuites name="pytest tests"><testsuite name="pytest" errors="0" failures="0" skipped="0" tests="618" time="7.388" timestamp="2026-07-16T02:48:20.969905+09:00" hostname="DESKTOP-TT42EIT"><testcase classname="tests.test_text_transform_acceptance_matrix.TextTransformAcceptanceMatrixTests" name="test_actual_canvas_export_matches_nonediting_and_ends_editing" time="0.068" /><testcase classname="tests.test_text_transform_acceptance_matrix.TextTransformAcceptanceMatrixTests" name="test_content_matrix_in_horizontal_and_vertical_layouts" time="0.066" /><testcase classname="tests.test_text_transform_acceptance_matrix.TextTransformAcceptanceMatrixTests" name="test_editing_and_nonediting_scene_renders_have_matching_ink" time="0.053" /><testcase classname="tests.test_text_transform_acceptance_matrix.TextTransformAcceptanceMatrixTests" name="test_effect_combinations_removal_and_extreme_transforms" time="1.186" /><testcase classname="tests.test_text_transform_compensation.CompensatedTextTransformMatrixTest" name="test_compensation_maps_as_box_then_rotation_across_extremes" time="0.019" /><testcase classname="tests.test_text_transform_compensation.CompensatedTextTransformMatrixTest" name="test_default_rotation_pivot_is_box_pivot" time="0.001" /><testcase classname="tests.test_text_transform_compensation.CompensatedTextTransformMatrixTest" name="test_neutral_and_full_turn_fast_paths_are_exact" time="0.001" /><testcase classname="tests.test_text_transform_compensation.CompensatedTextTransformMatrixTest" name="test_rejects_nonfinite_angle_and_pivots" time="0.002" /><testcase classname="tests.test_text_transform_editing.TextTransformEditingTest" name="test_cursor_local_scene_round_trip_uses_item_boundary" time="0.003" /><testcase classname="tests.test_text_transform_editing.TextTransformEditingTest" name="test_direction_switch_is_layout_only_and_preserves_selection_direction" time="0.004" /><testcase classname="tests.test_text_transform_editing.TextTransformEditingTest" name="test_ime_preedit_commit_and_cursor_query_survive_transform_update" time="0.002" /><testcase classname="tests.test_text_transform_editing.TextTransformEditingTest" name="test_preview_and_commit_preserve_cursor_html_revision_and_layout" time="0.002" /><testcase classname="tests.test_text_transform_editing.TextTransformEditingTest" name="test_utf16_edit_propagation_handles_emoji_variation_and_combining" time="0.003" /><testcase classname="tests.test_text_transform_geometry.TextTransformNormalizationTest" name="test_fontformat_uses_canonical_neutral_defaults" time="0.001" /><testcase classname="tests.test_text_transform_geometry.TextTransformNormalizationTest" name="test_normalization_canonicalizes_negative_zero" time="0.001" /><testcase classname="tests.test_text_transform_geometry.TextTransformNormalizationTest" name="test_normalization_clamps_and_uses_six_decimal_precision" time="0.001" /><testcase classname="tests.test_text_transform_geometry.TextTransformNormalizationTest" name="test_normalization_rejects_bool_in_every_component" time="0.001" /><testcase classname="tests.test_text_transform_geometry.TextTransformNormalizationTest" name="test_normalization_rejects_each_nonfinite_component" time="0.004" /><testcase classname="tests.test_text_transform_geometry.TextTransformMatrixTest" name="test_forward_inverse_round_trip_at_transform_extremes" time="0.002" /><testcase classname="tests.test_text_transform_geometry.TextTransformMatrixTest" name="test_identity_matrix_is_exactly_neutral" time="0.001" /><testcase classname="tests.test_text_transform_geometry.TextTransformMatrixTest" name="test_mapped_polygon_preserves_corner_order_and_shear" time="0.001" /><testcase classname="tests.test_text_transform_geometry.TextTransformMatrixTest" name="test_matrix_matches_direct_formula_and_keeps_pivot_fixed" time="0.003" /><testcase classname="tests.test_text_transform_glyph_slant.GlyphSlantMathTests" name="test_color_table_routes_nonempty_glyph_path_to_native_fallback" time="0.001" /><testcase classname="tests.test_text_transform_glyph_slant.GlyphSlantMathTests" name="test_compensated_gradient_matches_item_local_mapped_path_field" time="0.009" /><testcase classname="tests.test_text_transform_glyph_slant.GlyphSlantMathTests" name="test_decorations_keep_logical_baseline_orientation_and_style" time="0.001" /><testcase classname="tests.test_text_transform_glyph_slant.GlyphSlantMathTests" name="test_direction_formula_and_transform_match_at_limits" time="0.001" /><testcase classname="tests.test_text_transform_glyph_slant.GlyphSlantMathTests" name="test_live_glyph_geometry_maps_positive_slant_to_local_plus_x" time="0.002" /><testcase classname="tests.test_text_transform_glyph_slant.GlyphSlantMathTests" name="test_overlapping_odd_even_glyphs_keep_fill_and_inner_counter" time="0.001" /><testcase classname="tests.test_text_transform_glyph_slant.GlyphSlantMathTests" name="test_pathless_glyph_uses_fallback_and_raw_bounds" time="0.001" /><testcase classname="tests.test_text_transform_glyph_slant.GlyphSlantMathTests" name="test_thick_fallback_outline_is_connected_and_native_fill_is_on_top" time="0.004" /><testcase classname="tests.test_text_transform_glyph_slant.GlyphSlantRenderingTests" name="test_bounds_cache_invalidates_only_when_angle_or_layout_changes" time="0.007" /><testcase classname="tests.test_text_transform_glyph_slant.GlyphSlantRenderingTests" name="test_empty_and_whitespace_documents_keep_logical_advance" time="0.004" /><testcase classname="tests.test_text_transform_glyph_slant.GlyphSlantRenderingTests" name="test_explicit_zero_is_pixel_identical_to_default" time="0.011" /><testcase classname="tests.test_text_transform_glyph_slant.GlyphSlantRenderingTests" name="test_interactive_paint_warns_and_draws_direct_on_fallback_raster_failure" time="0.006" /><testcase classname="tests.test_text_transform_glyph_slant.GlyphSlantRenderingTests" name="test_ligature_combining_cjk_and_native_italic_keep_layout" time="0.005" /><testcase classname="tests.test_text_transform_glyph_slant.GlyphSlantRenderingTests" name="test_nonzero_degree_uses_custom_line_renderer" time="0.007" /><testcase classname="tests.test_text_transform_glyph_slant.GlyphSlantRenderingTests" name="test_nonzero_full_width_selection_paints_background_and_foreground" time="0.004" /><testcase classname="tests.test_text_transform_glyph_slant.GlyphSlantRenderingTests" name="test_opaque_gradient_changes_color_field_not_glyph_alpha" time="0.012" /><testcase classname="tests.test_text_transform_glyph_slant.GlyphSlantRenderingTests" name="test_paint_span_merging_uses_additional_order_then_selection" time="0.003" /><testcase classname="tests.test_text_transform_glyph_slant.GlyphSlantRenderingTests" name="test_preview_and_cancel_preserve_document_and_logical_geometry" time="0.003" /><testcase classname="tests.test_text_transform_glyph_slant.GlyphSlantRenderingTests" name="test_segoe_emoji_native_fill_keeps_visible_item_local_outline" time="0.005" /><testcase classname="tests.test_text_transform_glyph_slant.GlyphSlantRenderingTests" name="test_selection_background_is_logical_not_glyph_slanted" time="0.008" /><testcase classname="tests.test_text_transform_glyph_slant.GlyphSlantRenderingTests" name="test_vertical_empty_block_ime_preedit_uses_slanted_live_line" time="0.003" /><testcase classname="tests.test_text_transform_glyph_slant.GlyphSlantRenderingTests" name="test_vertical_orientation_keeps_upright_and_rotated_categories" time="0.005" /><testcase classname="tests.test_text_transform_glyph_slant.GlyphSlantRenderingTests" name="test_zero_degree_bypasses_custom_line_renderer" time="0.004" /><testcase classname="tests.test_text_transform_glyph_slant.GlyphSlantRenderingTests" name="test_zero_vertical_effect_mask_bypasses_custom_renderer" time="0.016" /><testcase classname="tests.test_text_transform_item.TextTransformItemTests" name="test_load_uses_unpadded_local_pivot_and_explicit_visual_geometry" time="0.002" /><testcase classname="tests.test_text_transform_item.TextTransformItemTests" name="test_manager_copy_paste_deep_copies_transform_and_command_keeps_it" time="0.006" /><testcase classname="tests.test_text_transform_item.TextTransformItemTests" name="test_preview_commit_and_noop_do_not_touch_document_geometry" time="0.002" /><testcase classname="tests.test_text_transform_item.TextTransformItemTests" name="test_rotation_is_separate_and_cache_tracks_visual_transform" time="0.003" /><testcase classname="tests.test_text_transform_itemchange_safety.TextTransformItemChangeSafetyTests" name="test_invalid_qt_properties_are_rejected_without_process_termination" time="2.758" /><testcase classname="tests.test_text_transform_overlay_invalidation.TextTransformOverlayInvalidationTests" name="test_active_outline_repaint_is_idempotent_on_patterned_background" time="0.002" /><testcase classname="tests.test_text_transform_overlay_invalidation.TextTransformOverlayInvalidationTests" name="test_canvas_export_defers_qt_paint_allocation_error_then_fails" time="0.008" /><testcase classname="tests.test_text_transform_overlay_invalidation.TextTransformOverlayInvalidationTests" name="test_canvas_export_exception_restores_overlays_layers_and_effect_mode" time="0.004" /><testcase classname="tests.test_text_transform_overlay_invalidation.TextTransformOverlayInvalidationTests" name="test_canvas_export_exception_restores_selection_edit_cursor_and_focus" time="0.007" /><testcase classname="tests.test_text_transform_overlay_invalidation.TextTransformOverlayInvalidationTests" name="test_canvas_export_excludes_overlays_and_restores_state" time="0.004" /><testcase classname="tests.test_text_transform_overlay_invalidation.TextTransformOverlayInvalidationTests" name="test_canvas_selection_and_zoom_coalesce_to_one_manager_sync" time="0.005" /><testcase classname="tests.test_text_transform_overlay_invalidation.TextTransformOverlayInvalidationTests" name="test_document_resize_defers_sync_during_shape_transaction" time="0.001" /><testcase classname="tests.test_text_transform_overlay_invalidation.TextTransformOverlayInvalidationTests" name="test_escape_emits_move_cancel_and_clears_drag_state" time="0.006" /><testcase classname="tests.test_text_transform_overlay_invalidation.TextTransformOverlayInvalidationTests" name="test_manager_batch_update_coalesces_lifecycle_invalidation" time="0.005" /><testcase classname="tests.test_text_transform_overlay_invalidation.TextTransformOverlayInvalidationTests" name="test_manager_invalidates_old_and_new_device_regions_in_every_view" time="0.006" /><testcase classname="tests.test_text_transform_overlay_invalidation.TextTransformOverlayInvalidationTests" name="test_offscreen_proxy_handle_preserves_true_geometry_and_maps_drag_delta" time="0.004" /><testcase classname="tests.test_text_transform_overlay_invalidation.TextTransformOverlayInvalidationTests" name="test_rotation_preview_and_commit_each_use_one_manager_sync" time="0.004" /><testcase classname="tests.test_text_transform_overlay_invalidation.TextTransformOverlayInvalidationTests" name="test_standalone_rotation_cancel_restores_control_geometry" time="0.005" /><testcase classname="tests.test_text_transform_overlay_invalidation.TextTransformOverlayInvalidationTests" name="test_unregister_captures_a_view_added_after_the_previous_sync" time="0.005" /><testcase classname="tests.test_text_transform_overlay_invalidation.TextTransformOverlayInvalidationTests" name="test_unregister_refreshes_an_existing_views_panned_footprint" time="0.006" /><testcase classname="tests.test_text_transform_panel_integration.FontFormatPanelTransformIntegrationTest" name="test_escape_during_drag_rolls_preview_back_without_command" time="0.045" /><testcase classname="tests.test_text_transform_panel_integration.FontFormatPanelTransformIntegrationTest" name="test_global_drag_commits_canonical_value_without_item_command" time="0.009" /><testcase classname="tests.test_text_transform_panel_integration.FontFormatPanelTransformIntegrationTest" name="test_many_drag_moves_preview_then_release_one_command" time="0.014" /><testcase classname="tests.test_text_transform_panel_integration.FontFormatPanelTransformIntegrationTest" name="test_mixed_absolute_commit_sets_all_items_with_one_command" time="0.012" /><testcase classname="tests.test_text_transform_panel_integration.FontFormatPanelTransformIntegrationTest" name="test_noop_text_and_zero_drag_do_not_touch_item_or_undo" time="0.013" /><testcase classname="tests.test_text_transform_panel_integration.FontFormatPanelTransformIntegrationTest" name="test_outward_drag_at_canonical_limits_is_strict_noop" time="0.031" /><testcase classname="tests.test_text_transform_panel_integration.FontFormatPanelTransformIntegrationTest" name="test_refresh_rounding_never_overwrites_precise_canonical_value" time="0.013" /><testcase classname="tests.test_text_transform_panel_integration.FontFormatPanelTransformIntegrationTest" name="test_selected_numeric_commit_is_atomic_and_undoable" time="0.011" /><testcase classname="tests.test_text_transform_panel_integration.FontFormatPanelTransformIntegrationTest" name="test_selection_change_commits_pending_value_to_old_target" time="0.015" /><testcase classname="tests.test_text_transform_rendering.TextTransformRenderingTests" name="test_direction_switch_preserves_rich_html_revision_and_selection_direction" time="0.004" /><testcase classname="tests.test_text_transform_rendering.TextTransformRenderingTests" name="test_effect_passes_use_the_attached_document_and_layout_without_mutation" time="0.015" /><testcase classname="tests.test_text_transform_rendering.TextTransformRenderingTests" name="test_effect_removal_shrinks_from_zero_and_keeps_outer_transform_separate" time="0.033" /><testcase classname="tests.test_text_transform_rendering.TextTransformRenderingTests" name="test_empty_formatted_document_has_no_effect_envelope" time="0.005" /><testcase classname="tests.test_text_transform_rendering.TextTransformRenderingTests" name="test_extreme_transform_rotation_has_alpha_and_resolution_parity" time="0.265" /><testcase classname="tests.test_text_transform_rendering.TextTransformRenderingTests" name="test_gradient_geometry_refreshes_after_logical_resize" time="0.004" /><testcase classname="tests.test_text_transform_rendering.TextTransformRenderingTests" name="test_normal_fill_restores_stroke_interiors" time="0.014" /><testcase classname="tests.test_text_transform_rendering.TextTransformRenderingTests" name="test_selection_and_ime_preedit_do_not_enter_effect_cache" time="0.015" /><testcase classname="tests.test_text_transform_rendering.TextTransformRenderingTests" name="test_transformed_effects_survive_opaque_nonediting_paint" time="0.036" /><testcase classname="tests.test_text_transform_rendering.TextTransformRenderingTests" name="test_vertical_effect_envelope_converges_with_clear_cache_borders" time="0.023" /><testcase classname="tests.test_text_transform_rendering.TextTransformRenderingTests" name="test_vertical_rich_text_stroke_covers_every_fragment" time="0.006" /><testcase classname="tests.test_text_transform_resource_policy.EffectRasterPlannerTests" name="test_full_surface_boundary_and_tile_fallback_are_bounded" time="0.001" /><testcase classname="tests.test_text_transform_resource_policy.EffectRasterPlannerTests" name="test_uses_largest_bounded_power_of_two_not_above_request" time="0.001" /><testcase classname="tests.test_text_transform_resource_policy.EffectRasterPlannerTests" name="test_zero_negative_and_fractional_inputs_never_make_zero_pixmap" time="0.001" /><testcase classname="tests.test_text_transform_resource_policy.EffectRasterItemTests" name="test_box_preview_never_invalidates_or_rebuilds_local_effect_cache" time="0.010" /><testcase classname="tests.test_text_transform_resource_policy.EffectRasterItemTests" name="test_cache_policy_has_one_owner_and_glyph_only_keeps_device_cache" time="0.005" /><testcase classname="tests.test_text_transform_resource_policy.EffectRasterItemTests" name="test_canvas_export_records_glyph_failure_and_returns_no_partial" time="0.023" /><testcase classname="tests.test_text_transform_resource_policy.EffectRasterItemTests" name="test_cv2_error_uses_interactive_fallback_and_fails_export_after_tiles" time="0.021" /><testcase classname="tests.test_text_transform_resource_policy.EffectRasterItemTests" name="test_device_scale_is_singular_value_capped_at_eight" time="0.001" /><testcase classname="tests.test_text_transform_resource_policy.EffectRasterItemTests" name="test_export_full_failures_retry_bounded_tiles_successfully" time="0.033" /><testcase classname="tests.test_text_transform_resource_policy.EffectRasterItemTests" name="test_export_glyph_capture_failure_retries_without_stale_error" time="0.012" /><testcase classname="tests.test_text_transform_resource_policy.EffectRasterItemTests" name="test_export_glyph_conversion_failure_raises_after_bounded_retries" time="0.013" /><testcase classname="tests.test_text_transform_resource_policy.EffectRasterItemTests" name="test_export_many_visible_tiles_stream_with_two_entry_cache" time="0.009" /><testcase classname="tests.test_text_transform_resource_policy.EffectRasterItemTests" name="test_extreme_transform_combination_allocates_only_local_bounded_surfaces" time="0.050" /><testcase classname="tests.test_text_transform_resource_policy.EffectRasterItemTests" name="test_huge_stroke_uses_direct_vector_path_without_tile_allocation" time="0.005" /><testcase classname="tests.test_text_transform_resource_policy.EffectRasterItemTests" name="test_interactive_allocation_failure_degrades_but_export_is_fatal" time="0.016" /><testcase classname="tests.test_text_transform_resource_policy.EffectRasterItemTests" name="test_interactive_late_tile_failure_never_composites_partial_stage" time="0.009" /><testcase classname="tests.test_text_transform_resource_policy.EffectRasterItemTests" name="test_multiple_glyph_previews_coalesce_until_one_actual_paint" time="0.012" /><testcase classname="tests.test_text_transform_resource_policy.EffectRasterItemTests" name="test_stale_generation_is_never_drawn_with_new_fill" time="0.009" /><testcase classname="tests.test_text_transform_resource_policy.EffectRasterItemTests" name="test_tile_mode_generates_only_exposed_tiles_with_overlap" time="0.016" /><testcase classname="tests.test_text_transform_resource_policy.EffectRasterItemTests" name="test_vertical_stroke_rejects_unreadable_and_null_conversion_results" time="0.014" /><testcase classname="tests.test_text_transform_resource_policy.EffectRasterItemTests" name="test_zero_angle_scratch_null_and_cap_use_vector_bounds_fallback" time="0.004" /><testcase classname="tests.test_text_transform_responsive_layout.AdaptiveWrapLayoutTest" name="test_equivalent_dpr_scaled_metrics_keep_the_same_rows" time="0.001" /><testcase classname="tests.test_text_transform_responsive_layout.AdaptiveWrapLayoutTest" name="test_greedy_rows_hidden_items_hfw_and_take_at_contract" time="0.001" /><testcase classname="tests.test_text_transform_responsive_layout.AdaptiveWrapLayoutTest" name="test_overwide_item_gets_available_width_and_minimum_is_not_sum" time="0.001" /><testcase classname="tests.test_text_transform_responsive_layout.TextAdvancedFormatResponsiveLayoutTest" name="test_every_section_uses_atomic_units_without_horizontal_overflow" time="0.032" /><testcase classname="tests.test_text_transform_responsive_layout.TextAdvancedFormatResponsiveLayoutTest" name="test_long_labels_and_double_font_wrap_without_clipping_editor" time="0.022" /><testcase classname="tests.test_text_transform_responsive_layout.TextAdvancedFormatResponsiveLayoutTest" name="test_panel_size_hints_and_policies_follow_current_width" time="0.013" /><testcase classname="tests.test_text_transform_responsive_layout.TextAdvancedFormatResponsiveLayoutTest" name="test_resize_preserves_pending_focus_cursor_drag_and_signal_count" time="0.032" /><testcase classname="tests.test_text_transform_responsive_layout.TextAdvancedFormatResponsiveLayoutTest" name="test_transform_units_wrap_and_return_without_recreation" time="0.029" /><testcase classname="tests.test_text_transform_responsive_layout.TextAdvancedFormatResponsiveLayoutTest" name="test_width_only_relayout_preserves_vertical_scroll_position" time="0.016" /><testcase classname="tests.test_text_transform_rotation_properties.TextTransformRotationPropertyTests" name="test_direct_set_rotation_composes_box_before_rotation" time="0.002" /><testcase classname="tests.test_text_transform_rotation_properties.TextTransformRotationPropertyTests" name="test_property_animation_midpoint_has_box_then_rotation_geometry" time="0.002" /><testcase classname="tests.test_text_transform_rotation_properties.TextTransformRotationPropertyTests" name="test_qmeta_property_write_recomposes_compensated_base" time="0.002" /><testcase classname="tests.test_text_transform_rotation_properties.TextTransformRotationPropertyTests" name="test_qobject_set_property_recomposes_compensated_base" time="0.002" /><testcase classname="tests.test_text_transform_rotation_properties.TextTransformRotationPropertyTests" name="test_rotation_changed_observer_sees_only_final_scene_transform" time="0.002" /><testcase classname="tests.test_text_transform_rotation_properties.TextTransformRotationPropertyTests" name="test_rotation_compensation_keeps_transformations_list_empty" time="0.002" /><testcase classname="tests.test_text_transform_rotation_properties.TextTransformRotationPropertyTests" name="test_transform_origin_property_change_recomposes_before_return" time="0.002" /><testcase classname="tests.test_text_transform_serialization.TextTransformSerializationTest" name="test_ambiguous_horizontal_only_v0_stretch_is_rejected" time="0.001" /><testcase classname="tests.test_text_transform_serialization.TextTransformSerializationTest" name="test_block_level_aliases_move_to_canonical_fontformat" time="0.001" /><testcase classname="tests.test_text_transform_serialization.TextTransformSerializationTest" name="test_canonical_output_removes_all_aliases_and_legacy_markers" time="0.001" /><testcase classname="tests.test_text_transform_serialization.TextTransformSerializationTest" name="test_canonical_v1_is_normalized_without_rewriting_html" time="0.001" /><testcase classname="tests.test_text_transform_serialization.TextTransformSerializationTest" name="test_canonicalized_effective_migration_is_idempotent" time="0.001" /><testcase classname="tests.test_text_transform_serialization.TextTransformSerializationTest" name="test_conflicting_known_aliases_are_invalid" time="0.001" /><testcase classname="tests.test_text_transform_serialization.TextTransformSerializationTest" name="test_duplicate_metadata_and_noninteger_ratios_are_rejected" time="0.001" /><testcase classname="tests.test_text_transform_serialization.TextTransformSerializationTest" name="test_exact_effective_v0_qt_html_restores_formatted_empty_paragraph" time="0.001" /><testcase classname="tests.test_text_transform_serialization.TextTransformSerializationTest" name="test_explicit_v0_marker_is_recovered_even_under_v1_root" time="0.001" /><testcase classname="tests.test_text_transform_serialization.TextTransformSerializationTest" name="test_explicit_v0_marker_is_resolved_per_block_in_either_order" time="0.002" /><testcase classname="tests.test_text_transform_serialization.TextTransformSerializationTest" name="test_failed_logical_marker_one_canonicalizes_aliases_only" time="0.001" /><testcase classname="tests.test_text_transform_serialization.TextTransformSerializationTest" name="test_finite_out_of_range_values_clamp_with_migration_warnings" time="0.001" /><testcase classname="tests.test_text_transform_serialization.TextTransformSerializationTest" name="test_future_block_marker_preflights_all_blocks_without_mutation" time="0.001" /><testcase classname="tests.test_text_transform_serialization.TextTransformSerializationTest" name="test_future_rejection_does_not_mutate_existing_project_state" time="0.001" /><testcase classname="tests.test_text_transform_serialization.TextTransformSerializationTest" name="test_future_root_version_rejects_without_input_mutation" time="0.001" /><testcase classname="tests.test_text_transform_serialization.TextTransformSerializationTest" name="test_invalid_schema_v2_does_not_mutate_existing_project_state" time="0.001" /><testcase classname="tests.test_text_transform_serialization.TextTransformSerializationTest" name="test_json_boundary_preserves_state_and_original_future_version_cause" time="0.001" /><testcase classname="tests.test_text_transform_serialization.TextTransformSerializationTest" name="test_late_validation_failure_does_not_mutate_existing_project_state" time="0.001" /><testcase classname="tests.test_text_transform_serialization.TextTransformSerializationTest" name="test_legacy_box_range_and_italic_warning_semantics" time="0.001" /><testcase classname="tests.test_text_transform_serialization.TextTransformSerializationTest" name="test_legacy_glyph_field_is_rejected_at_either_location" time="0.002" /><testcase classname="tests.test_text_transform_serialization.TextTransformSerializationTest" name="test_missing_new_project_directory_does_not_mutate_existing_state" time="0.001" /><testcase classname="tests.test_text_transform_serialization.TextTransformSerializationTest" name="test_named_migration_fixture_matrix" time="0.003" /><testcase classname="tests.test_text_transform_serialization.TextTransformSerializationTest" name="test_non_neutral_empty_v0_requires_exact_effective_signature" time="0.002" /><testcase classname="tests.test_text_transform_serialization.TextTransformSerializationTest" name="test_nonnumeric_and_nonfinite_transform_values_are_rejected" time="0.004" /><testcase classname="tests.test_text_transform_serialization.TextTransformSerializationTest" name="test_nonnumeric_and_nonfinite_versions_are_rejected" time="0.001" /><testcase classname="tests.test_text_transform_serialization.TextTransformSerializationTest" name="test_old_and_new_style_preset_round_trip_glyph_slant" time="0.006" /><testcase classname="tests.test_text_transform_serialization.TextTransformSerializationTest" name="test_old_upstream_payload_gets_neutral_defaults_without_html_changes" time="0.001" /><testcase classname="tests.test_text_transform_serialization.TextTransformSerializationTest" name="test_project_encoder_load_and_repeated_save_shape_are_canonical" time="0.001" /><testcase classname="tests.test_text_transform_serialization.TextTransformSerializationTest" name="test_schema_v2_accepts_and_normalizes_valid_canonical_values" time="0.001" /><testcase classname="tests.test_text_transform_serialization.TextTransformSerializationTest" name="test_schema_v2_rejects_aliases_markers_and_top_level_transform_fields" time="0.002" /><testcase classname="tests.test_text_transform_serialization.TextTransformSerializationTest" name="test_schema_v2_rejects_out_of_range_instead_of_clamping" time="0.001" /><testcase classname="tests.test_text_transform_serialization.TextTransformSerializationTest" name="test_schema_v2_requires_all_four_canonical_fontformat_fields" time="0.001" /><testcase classname="tests.test_text_transform_serialization.TextTransformSerializationTest" name="test_stale_overlapping_and_invalid_empty_v0_metadata_are_rejected" time="0.003" /><testcase classname="tests.test_text_transform_serialization.TextTransformSerializationTest" name="test_text_transform_named_tuple_order_defaults_and_three_arg_compatibility" time="0.002" /><testcase classname="tests.test_text_transform_serialization.TextTransformSerializationTest" name="test_textblock_deepcopy_keeps_one_independent_canonical_owner" time="0.001" /><testcase classname="tests.test_text_transform_shape_control.TextTransformShapeControlTests" name="test_corner_resize_keeps_opposite_scene_anchor_and_document" time="0.003" /><testcase classname="tests.test_text_transform_shape_control.TextTransformShapeControlTests" name="test_edge_resize_keeps_opposite_midpoint_fixed" time="0.003" /><testcase classname="tests.test_text_transform_shape_control.TextTransformShapeControlTests" name="test_exact_polygon_and_eight_device_stable_handles" time="0.004" /><testcase classname="tests.test_text_transform_shape_control.TextTransformShapeControlTests" name="test_legacy_move_and_rotation_refresh_calls_rebuild_polygon" time="0.003" /><testcase classname="tests.test_text_transform_shape_control.TextTransformShapeControlTests" name="test_live_rotation_preview_restores_canonical_angle" time="0.003" /><testcase classname="tests.test_text_transform_shape_control.TextTransformShapeControlTests" name="test_reshape_command_refreshes_exact_polygon_on_undo_and_redo" time="0.005" /><testcase classname="tests.test_text_transform_translation_pipeline.TextTransformTranslationPipelineTests" name="test_detect_created_block_uses_normal_global_quartet" time="0.001" /><testcase classname="tests.test_text_transform_translation_pipeline.TextTransformTranslationPipelineTests" name="test_effect_override_does_not_share_mutable_values" time="0.002" /><testcase classname="tests.test_text_transform_translation_pipeline.TextTransformTranslationPipelineTests" name="test_effect_override_off_preserves_detected_block_effect_fields" time="0.001" /><testcase classname="tests.test_text_transform_translation_pipeline.TextTransformTranslationPipelineTests" name="test_effect_override_on_copies_all_global_effect_fields" time="0.002" /><testcase classname="tests.test_text_transform_translation_pipeline.TextTransformTranslationPipelineTests" name="test_global_helper_copies_normalized_quartet_including_neutral_horizontal" time="0.001" /><testcase classname="tests.test_text_transform_translation_pipeline.TextTransformTranslationPipelineTests" name="test_inpaint_only_skips_postprocess_and_keeps_full_style" time="0.001" /><testcase classname="tests.test_text_transform_translation_pipeline.TextTransformTranslationPipelineTests" name="test_normal_run_applies_global_quartet_to_every_result_block" time="0.001" /><testcase classname="tests.test_text_transform_translation_pipeline.TextTransformTranslationPipelineTests" name="test_preserve_fallback_cases_use_normal_semantics_and_warn_once" time="0.002" /><testcase classname="tests.test_text_transform_translation_pipeline.TextTransformTranslationPipelineTests" name="test_preserve_run_restores_full_backup_and_skips_global_quartet" time="0.001" /><testcase classname="tests.test_text_transform_ui.CommittedTransformControlTest" name="test_angle_uses_degree_format_and_finite_range" time="0.001" /><testcase classname="tests.test_text_transform_ui.CommittedTransformControlTest" name="test_box_and_glyph_angles_have_independent_ranges" time="0.001" /><testcase classname="tests.test_text_transform_ui.CommittedTransformControlTest" name="test_drag_many_previews_has_one_release_and_zero_or_escape_cancels" time="0.001" /><testcase classname="tests.test_text_transform_ui.CommittedTransformControlTest" name="test_enter_and_focus_out_each_commit_once" time="0.003" /><testcase classname="tests.test_text_transform_ui.CommittedTransformControlTest" name="test_percentage_display_and_all_accepted_inputs" time="0.001" /><testcase classname="tests.test_text_transform_ui.CommittedTransformControlTest" name="test_typing_is_pending_escape_reverts_and_invalid_focus_out_does_not_commit" time="0.001" /><testcase classname="tests.test_text_transform_ui.TextAdvancedFormatPanelTransformTest" name="test_mixed_selection_and_precise_refresh_are_model_views_only" time="0.005" /><testcase classname="tests.test_text_transform_ui.TextAdvancedFormatPanelTransformTest" name="test_panel_exposes_fixed_box_and_glyph_source_labels" time="0.005" /><testcase classname="tests.test_text_transform_ui.TextAdvancedFormatPanelTransformTest" name="test_selection_boundary_commits_pending_value_before_refresh" time="0.005" /><testcase classname="tests.test_text_transform_undo.SetTextTransformCommandTest" name="test_create_returns_none_when_normalized_values_match" time="0.001" /><testcase classname="tests.test_text_transform_undo.SetTextTransformCommandTest" name="test_multi_item_command_is_atomic_and_restores_only_transforms" time="0.001" /><testcase classname="tests.test_text_transform_undo.SetTextTransformCommandTest" name="test_normalized_noop_never_enters_stack_or_calls_item" time="0.001" /><testcase classname="tests.test_text_transform_undo.SetTextTransformCommandTest" name="test_rejects_mismatched_per_item_state" time="0.001" /><testcase classname="tests.test_text_transform_undo.SetTextTransformCommandTest" name="test_undo_then_new_transform_clears_redo_branch" time="0.001" /><testcase classname="tests.test_text_transform_undo.LogicalMoveCommandTest" name="test_arrow_command_is_padding_independent" time="0.008" /><testcase classname="tests.test_text_transform_undo.LogicalMoveCommandTest" name="test_drag_command_is_padding_independent_and_refreshes_once" time="0.007" /><testcase classname="tests.test_text_transform_undo.LogicalMoveCommandTest" name="test_noop_drag_command_does_not_enter_stack" time="0.006" /><testcase classname="tests.test_text_transform_undo.Utf16CodeUnitLengthTest" name="test_supplementary_characters_use_two_qt_positions" time="0.001" /><testcase classname="tests.test_text_transform_undo.ApplyFontformatCommandTest" name="test_compound_format_is_one_deterministic_command" time="0.207" /><testcase classname="tests.test_text_transform_undo.ApplyFontformatCommandTest" name="test_empty_documents_restore_exact_cursor_and_block_formats" time="0.034" /><testcase classname="tests.test_text_transform_undo.ApplyFontformatCommandTest" name="test_identical_gradient_target_is_noop_after_first_apply" time="0.012" /><testcase classname="tests.test_text_transform_undo.ApplyFontformatCommandTest" name="test_multi_item_whole_format_uses_one_stack_entry" time="0.083" /><testcase classname="tests.test_text_transform_undo.ApplyFontformatCommandTest" name="test_overlay_manager_callback_runs_once_per_apply_undo_redo" time="0.007" /><testcase classname="tests.test_text_transform_undo.ApplyFontformatCommandTest" name="test_prior_text_edit_survives_whole_format_undo_redo_chain" time="0.095" /><testcase classname="tests.test_text_transform_undo.ApplyFontformatCommandTest" name="test_stale_empty_block_spacing_is_not_misclassified_as_noop" time="0.019" /><testcase classname="tests.test_text_transform_undo.ApplyFontformatCommandTest" name="test_stale_uniform_spacing_is_applied_then_becomes_noop" time="0.008" /><testcase classname="tests.test_text_transform_undo.ApplyFontformatCommandTest" name="test_uniform_noop_is_removed_from_undo_stack" time="0.007" /><testcase classname="tests.test_text_transform_undo.GeometryCommandOverlaySyncTest" name="test_geometry_commands_sync_once_at_each_undo_boundary" time="0.003" /><testcase classname="tests.test_textitem_set_size_transaction.TextItemSetSizeTransactionTests" name="test_forced_layout_enlargement_uses_final_document_size" time="0.003" /><testcase classname="tests.test_textitem_set_size_transaction.TextItemSetSizeTransactionTests" name="test_geometry_change_precedes_relayout_and_scene_index_stays_current" time="0.002" /><testcase classname="tests.test_textitem_set_size_transaction.TextItemSetSizeTransactionTests" name="test_nested_resize_during_notification_is_deferred_and_ordered" time="0.002" /><testcase classname="tests.test_textitem_set_size_transaction.TextItemSetSizeTransactionTests" name="test_no_enlargement_notifies_only_after_display_and_layout_agree" time="0.002" /><testcase classname="tests.test_textitem_set_size_transaction.TextItemSetSizeTransactionTests" name="test_relayout_exception_drains_nested_resize_before_reraising" time="0.002" /><testcase classname="tests.test_textitem_set_size_transaction.TextItemSetSizeTransactionTests" name="test_relayout_exception_reconciles_geometry_and_notifies_once" time="0.002" /><testcase classname="tests.test_textitem_set_size_transaction.TextItemSetSizeTransactionTests" name="test_semantic_anchor_survives_full_affine_size_transaction" time="0.010" /><testcase classname="tests.test_textitem_set_size_transaction.TextItemSetSizeTransactionTests" name="test_squeeze_under_ctrl_does_not_duplicate_size_notification" time="0.002" /></testsuite></testsuites>